<?xml version="1.0" encoding="UTF-8"?>
<!-- Generated by org.testng.reporters.JUnitReportReporter -->
<testsuite hostname="home-PC" name="rome.NewTest" tests="1" failures="0" timestamp="21 Jun 2019 13:04:58 GMT" time="0.011" errors="0">
  <testcase name="f" time="0.011" classname="rome.NewTest"/>
</testsuite> <!-- rome.NewTest -->
